Using pre-set license
Built from '2021.1/staging' branch; Version is '2021.1.14f1 (51d2f824827f) revision 5362424'; Using compiler version '192528614'; Build Type 'Release'
OS: 'Windows 10 Pro; OS build 19042.1526; Version 2009; 64bit' Language: 'es' Physical Memory: 7894 MB
BatchMode: 1, IsHumanControllingUs: 0, StartBugReporterOnCrash: 0, Is64bit: 1, IsPro: 0

 COMMAND LINE ARGUMENTS:
C:\Program Files\Unity 2021.1.14f1\Editor\Unity.exe
-adb2
-batchMode
-noUpm
-name
AssetImportWorker2
-projectPath
C:/Users/usuario/OneDrive/Documents/UnityProjects/TacaburYar
-logFile
Logs/AssetImportWorker2.log
-srvPort
59805
Successfully changed project path to: C:/Users/usuario/OneDrive/Documents/UnityProjects/TacaburYar
C:/Users/usuario/OneDrive/Documents/UnityProjects/TacaburYar
Using Asset Import Pipeline V2.
Refreshing native plugins compatible for Editor in 318.29 ms, found 2 plugins.
Preloading 0 native plugins for Editor in 0.00 ms.
Initialize engine version: 2021.1.14f1 (51d2f824827f)
[Subsystems] Discovering subsystems at path C:/Program Files/Unity 2021.1.14f1/Editor/Data/Resources/UnitySubsystems
[Subsystems] Discovering subsystems at path C:/Users/usuario/OneDrive/Documents/UnityProjects/TacaburYar/Assets
GfxDevice: creating device client; threaded=0; jobified=0
Direct3D:
    Version:  Direct3D 11.0 [level 11.1]
    Renderer: Intel(R) UHD Graphics (ID=0x8a56)
    Vendor:   Intel
    VRAM:     3947 MB
    Driver:   27.20.100.8853
Initialize mono
Mono path[0] = 'C:/Program Files/Unity 2021.1.14f1/Editor/Data/Managed'
Mono path[1] = 'C:/Program Files/Unity 2021.1.14f1/Editor/Data/MonoBleedingEdge/lib/mono/unityjit'
Mono config path = 'C:/Program Files/Unity 2021.1.14f1/Editor/Data/MonoBleedingEdge/etc'
Using monoOptions --debugger-agent=transport=dt_socket,embedding=1,server=y,suspend=n,address=127.0.0.1:56924
Begin MonoManager ReloadAssembly
Registering precompiled unity dll's ...
Register platform support module: C:/Program Files/Unity 2021.1.14f1/Editor/Data/PlaybackEngines/WindowsStandaloneSupport/UnityEditor.WindowsStandalone.Extensions.dll
Registered in 0.014764 seconds.
Native extension for WindowsStandalone target not found
Refreshing native plugins compatible for Editor in 236.40 ms, found 2 plugins.
Preloading 0 native plugins for Editor in 0.00 ms.
Mono: successfully reloaded assembly
- Completed reload, in  3.550 seconds
Domain Reload Profiling:
	ReloadAssembly (3551ms)
		BeginReloadAssembly (173ms)
			ExecutionOrderSort (0ms)
			DisableScriptedObjects (0ms)
			BackupInstance (0ms)
			ReleaseScriptingObjects (0ms)
			CreateAndSetChildDomain (3ms)
		EndReloadAssembly (1464ms)
			LoadAssemblies (150ms)
			RebuildTransferFunctionScriptingTraits (0ms)
			SetupTypeCache (547ms)
			ReleaseScriptCaches (0ms)
			RebuildScriptCaches (94ms)
			SetupLoadedEditorAssemblies (679ms)
				LogAssemblyErrors (0ms)
				InitializePlatformSupportModulesInManaged (19ms)
				SetLoadedEditorAssemblies (2ms)
				RefreshPlugins (237ms)
				BeforeProcessingInitializeOnLoad (7ms)
				ProcessInitializeOnLoadAttributes (315ms)
				ProcessInitializeOnLoadMethodAttributes (98ms)
				AfterProcessingInitializeOnLoad (0ms)
				EditorAssembliesLoaded (0ms)
			ExecutionOrderSort2 (0ms)
			AwakeInstancesAfterBackupRestoration (0ms)
Platform modules already initialized, skipping
Registering precompiled user dll's ...
Registered in 0.015901 seconds.
Begin MonoManager ReloadAssembly
Native extension for WindowsStandalone target not found
Refreshing native plugins compatible for Editor in 162.22 ms, found 2 plugins.
Preloading 0 native plugins for Editor in 0.00 ms.
Mono: successfully reloaded assembly
- Completed reload, in  7.356 seconds
Domain Reload Profiling:
	ReloadAssembly (7357ms)
		BeginReloadAssembly (285ms)
			ExecutionOrderSort (0ms)
			DisableScriptedObjects (10ms)
			BackupInstance (0ms)
			ReleaseScriptingObjects (0ms)
			CreateAndSetChildDomain (38ms)
		EndReloadAssembly (6947ms)
			LoadAssemblies (4796ms)
			RebuildTransferFunctionScriptingTraits (0ms)
			SetupTypeCache (688ms)
			ReleaseScriptCaches (1ms)
			RebuildScriptCaches (173ms)
			SetupLoadedEditorAssemblies (1001ms)
				LogAssemblyErrors (0ms)
				InitializePlatformSupportModulesInManaged (7ms)
				SetLoadedEditorAssemblies (2ms)
				RefreshPlugins (162ms)
				BeforeProcessingInitializeOnLoad (145ms)
				ProcessInitializeOnLoadAttributes (656ms)
				ProcessInitializeOnLoadMethodAttributes (16ms)
				AfterProcessingInitializeOnLoad (12ms)
				EditorAssembliesLoaded (0ms)
			ExecutionOrderSort2 (0ms)
			AwakeInstancesAfterBackupRestoration (13ms)
Platform modules already initialized, skipping
========================================================================
Worker process is ready to serve import requests
Launched and connected shader compiler UnityShaderCompiler.exe after 0.07 seconds
Refreshing native plugins compatible for Editor in 1.40 ms, found 2 plugins.
Preloading 0 native plugins for Editor in 0.00 ms.
Unloading 3306 Unused Serialized files (Serialized files now loaded: 0)
System memory in use before: 159.2 MB.
System memory in use after: 159.4 MB.

Unloading 23 unused Assets to reduce memory usage. Loaded Objects now: 3773.
Total: 12.669400 ms (FindLiveObjects: 0.331800 ms CreateObjectMapping: 0.177100 ms MarkObjects: 11.972500 ms  DeleteObjects: 0.185400 ms)

AssetImportParameters requested are different than current active one (requested -> active):
  custom:framework-win-MediaFoundation: 216162199b28c13a410421893ffa2e32 -> 
  custom:video-decoder-ogg-theora: a1e56fd34408186e4bbccfd4996cb3dc -> 
  custom:container-muxer-webm: aa71ff27fc2769a1b78a27578f13a17b -> 
  custom:container-demuxer-webm: 4f35f7cbe854078d1ac9338744f61a02 -> 
  custom:container-demuxer-ogg: 62fdf1f143b41e24485cea50d1cbac27 -> 
  custom:video-encoder-webm-vp8: eb34c28f22e8b96e1ab97ce403110664 -> 
  custom:video-decoder-webm-vp8: 9c59270c3fd7afecdb556c50c9e8de78 -> 
  custom:audio-decoder-ogg-vorbis: bf7c407c2cedff20999df2af8eb42d56 -> 
  custom:audio-encoder-webm-vorbis: bf7c407c2cedff20999df2af8eb42d56 -> 
========================================================================
Received Import Request.
  path: Assets/ThirdPartyPackages/Trees/LodTree.prefab
  artifactKey: Guid(64db27a1ca3fbd749ab5d811e05f5dd5) Importer(815301076,1909f56bfc062723c751e8b465ee728b)
Start importing Assets/ThirdPartyPackages/Trees/LodTree.prefab using Guid(64db27a1ca3fbd749ab5d811e05f5dd5) Importer(815301076,1909f56bfc062723c751e8b465ee728b)  -> (artifact id: 'e3706841c6cb71cc01c162cbcace70d3') in 0.973871 seconds 
========================================================================
Received Import Request.
  Time since last request: 85.326606 seconds.
  path: Assets/ThirdPartyPackages/Trees/LodTree.prefab
  artifactKey: Guid(64db27a1ca3fbd749ab5d811e05f5dd5) Importer(815301076,1909f56bfc062723c751e8b465ee728b)
Start importing Assets/ThirdPartyPackages/Trees/LodTree.prefab using Guid(64db27a1ca3fbd749ab5d811e05f5dd5) Importer(815301076,1909f56bfc062723c751e8b465ee728b)  -> (artifact id: '22e615b9b20c4d73be712d5444cf13c7') in 0.048317 seconds 
========================================================================
Received Import Request.
  Time since last request: 284.494753 seconds.
  path: Assets/ThirdPartyPackages/Trees/LodTree.prefab
  artifactKey: Guid(64db27a1ca3fbd749ab5d811e05f5dd5) Importer(815301076,1909f56bfc062723c751e8b465ee728b)
Start importing Assets/ThirdPartyPackages/Trees/LodTree.prefab using Guid(64db27a1ca3fbd749ab5d811e05f5dd5) Importer(815301076,1909f56bfc062723c751e8b465ee728b)  -> (artifact id: '2cef6174b2fce600f187780f98cea689') in 0.099003 seconds 
========================================================================
Received Import Request.
  Time since last request: 138.786262 seconds.
  path: Assets/ThirdPartyPackages/Trees/LodTree.prefab
  artifactKey: Guid(64db27a1ca3fbd749ab5d811e05f5dd5) Importer(815301076,1909f56bfc062723c751e8b465ee728b)
Start importing Assets/ThirdPartyPackages/Trees/LodTree.prefab using Guid(64db27a1ca3fbd749ab5d811e05f5dd5) Importer(815301076,1909f56bfc062723c751e8b465ee728b)  -> (artifact id: '811a1983d1fafc1663392d43145181a2') in 0.100298 seconds 
========================================================================
Received Import Request.
  Time since last request: 26789.409379 seconds.
  path: Assets/ThirdPartyPackages/Trees/LodTree.prefab
  artifactKey: Guid(64db27a1ca3fbd749ab5d811e05f5dd5) Importer(815301076,1909f56bfc062723c751e8b465ee728b)
Start importing Assets/ThirdPartyPackages/Trees/LodTree.prefab using Guid(64db27a1ca3fbd749ab5d811e05f5dd5) Importer(815301076,1909f56bfc062723c751e8b465ee728b)  -> (artifact id: '49e7891f06ae0b986b948de7319d5a32') in 1.194454 seconds 
========================================================================
Received Import Request.
  Time since last request: 4.617916 seconds.
  path: Assets/ThirdPartyPackages/Trees/LodTree.prefab
  artifactKey: Guid(64db27a1ca3fbd749ab5d811e05f5dd5) Importer(815301076,1909f56bfc062723c751e8b465ee728b)
Start importing Assets/ThirdPartyPackages/Trees/LodTree.prefab using Guid(64db27a1ca3fbd749ab5d811e05f5dd5) Importer(815301076,1909f56bfc062723c751e8b465ee728b)  -> (artifact id: 'a3e8c1e78324e4366f1a3e77099ff4dd') in 0.065098 seconds 
========================================================================
Received Import Request.
  Time since last request: 8.784631 seconds.
  path: Assets/ThirdPartyPackages/Trees/LodTree.prefab
  artifactKey: Guid(64db27a1ca3fbd749ab5d811e05f5dd5) Importer(815301076,1909f56bfc062723c751e8b465ee728b)
Start importing Assets/ThirdPartyPackages/Trees/LodTree.prefab using Guid(64db27a1ca3fbd749ab5d811e05f5dd5) Importer(815301076,1909f56bfc062723c751e8b465ee728b)  -> (artifact id: '30fab4016b113ee01308730e26f70f22') in 0.042702 seconds 
========================================================================
Received Import Request.
  Time since last request: 1.467376 seconds.
  path: Assets/ThirdPartyPackages/Trees/LodTree.prefab
  artifactKey: Guid(64db27a1ca3fbd749ab5d811e05f5dd5) Importer(815301076,1909f56bfc062723c751e8b465ee728b)
Start importing Assets/ThirdPartyPackages/Trees/LodTree.prefab using Guid(64db27a1ca3fbd749ab5d811e05f5dd5) Importer(815301076,1909f56bfc062723c751e8b465ee728b)  -> (artifact id: '6de6332b6cbe5bd132dddefe4353625c') in 0.035705 seconds 
========================================================================
Received Import Request.
  Time since last request: 7.421869 seconds.
  path: Assets/ThirdPartyPackages/Trees/LodTree.prefab
  artifactKey: Guid(64db27a1ca3fbd749ab5d811e05f5dd5) Importer(815301076,1909f56bfc062723c751e8b465ee728b)
Start importing Assets/ThirdPartyPackages/Trees/LodTree.prefab using Guid(64db27a1ca3fbd749ab5d811e05f5dd5) Importer(815301076,1909f56bfc062723c751e8b465ee728b)  -> (artifact id: 'd77ec1f025e2fd4c0cd99c604b6b4767') in 0.053601 seconds 
========================================================================
Received Import Request.
  Time since last request: 11.395433 seconds.
  path: Assets/ThirdPartyPackages/Trees/LodTree.prefab
  artifactKey: Guid(64db27a1ca3fbd749ab5d811e05f5dd5) Importer(815301076,1909f56bfc062723c751e8b465ee728b)
Start importing Assets/ThirdPartyPackages/Trees/LodTree.prefab using Guid(64db27a1ca3fbd749ab5d811e05f5dd5) Importer(815301076,1909f56bfc062723c751e8b465ee728b)  -> (artifact id: '23b7eb8fbde20539cbdbc01bdebe6c54') in 0.046497 seconds 
